This is pdfTeX, Version 3.1415926-2.5-1.40.14 (MiKTeX 2.9) (preloaded format=pdflatex 2014.10.24)  22 OCT 2015 11:16
entering extended mode
**template.tex
("C:\Users\Suhas\Dropbox\Log Genealogy\Paper\template.tex"
LaTeX2e <2011/06/27>
Babel <v3.8m> and hyphenation patterns for english, afrikaans, ancientgreek, ar
abic, armenian, assamese, basque, bengali, bokmal, bulgarian, catalan, coptic, 
croatian, czech, danish, dutch, esperanto, estonian, farsi, finnish, french, ga
lician, german, german-x-2013-05-26, greek, gujarati, hindi, hungarian, iceland
ic, indonesian, interlingua, irish, italian, kannada, kurmanji, latin, latvian,
 lithuanian, malayalam, marathi, mongolian, mongolianlmc, monogreek, ngerman, n
german-x-2013-05-26, nynorsk, oriya, panjabi, pinyin, polish, portuguese, roman
ian, russian, sanskrit, serbian, slovak, slovenian, spanish, swedish, swissgerm
an, tamil, telugu, turkish, turkmen, ukenglish, ukrainian, uppersorbian, usengl
ishmax, welsh, loaded.
("C:\Program Files (x86)\Latex\tex\latex\base\fix-cm.sty"
Package: fix-cm 2014/09/29 v1.1s fixes to LaTeX

("C:\Program Files (x86)\Latex\tex\latex\base\ts1enc.def"
File: ts1enc.def 2001/06/05 v3.0e (jk/car/fm) Standard LaTeX file
))
("C:\Users\Suhas\Dropbox\Log Genealogy\Paper\IEEEtran.cls"
Document Class: IEEEtran 2015/08/26 V1.8b by Michael Shell
-- See the "IEEEtran_HOWTO" manual for usage information.
-- http://www.michaelshell.org/tex/ieeetran/
\@IEEEtrantmpdimenA=\dimen102
\@IEEEtrantmpdimenB=\dimen103
\@IEEEtrantmpdimenC=\dimen104
\@IEEEtrantmpcountA=\count79
\@IEEEtrantmpcountB=\count80
\@IEEEtrantmpcountC=\count81
\@IEEEtrantmptoksA=\toks14
LaTeX Font Info:    Try loading font information for OT1+ptm on input line 503.

("C:\Program Files (x86)\Latex\tex\latex\psnfss\ot1ptm.fd"
File: ot1ptm.fd 2001/06/04 font definitions for OT1/ptm.
)
-- Using 8.5in x 11in (letter) paper.
-- Using PDF output.
\@IEEEnormalsizeunitybaselineskip=\dimen105
-- This is a 10 point document.
\CLASSINFOnormalsizebaselineskip=\dimen106
\CLASSINFOnormalsizeunitybaselineskip=\dimen107
\IEEEnormaljot=\dimen108
LaTeX Font Info:    Font shape `OT1/ptm/bx/n' in size <5> not available
(Font)              Font shape `OT1/ptm/b/n' tried instead on input line 1090.
LaTeX Font Info:    Font shape `OT1/ptm/bx/it' in size <5> not available
(Font)              Font shape `OT1/ptm/b/it' tried instead on input line 1090.

LaTeX Font Info:    Font shape `OT1/ptm/bx/n' in size <7> not available
(Font)              Font shape `OT1/ptm/b/n' tried instead on input line 1090.
LaTeX Font Info:    Font shape `OT1/ptm/bx/it' in size <7> not available
(Font)              Font shape `OT1/ptm/b/it' tried instead on input line 1090.

LaTeX Font Info:    Font shape `OT1/ptm/bx/n' in size <8> not available
(Font)              Font shape `OT1/ptm/b/n' tried instead on input line 1090.
LaTeX Font Info:    Font shape `OT1/ptm/bx/it' in size <8> not available
(Font)              Font shape `OT1/ptm/b/it' tried instead on input line 1090.

LaTeX Font Info:    Font shape `OT1/ptm/bx/n' in size <9> not available
(Font)              Font shape `OT1/ptm/b/n' tried instead on input line 1090.
LaTeX Font Info:    Font shape `OT1/ptm/bx/it' in size <9> not available
(Font)              Font shape `OT1/ptm/b/it' tried instead on input line 1090.

LaTeX Font Info:    Font shape `OT1/ptm/bx/n' in size <10> not available
(Font)              Font shape `OT1/ptm/b/n' tried instead on input line 1090.
LaTeX Font Info:    Font shape `OT1/ptm/bx/it' in size <10> not available
(Font)              Font shape `OT1/ptm/b/it' tried instead on input line 1090.

LaTeX Font Info:    Font shape `OT1/ptm/bx/n' in size <11> not available
(Font)              Font shape `OT1/ptm/b/n' tried instead on input line 1090.
LaTeX Font Info:    Font shape `OT1/ptm/bx/it' in size <11> not available
(Font)              Font shape `OT1/ptm/b/it' tried instead on input line 1090.

LaTeX Font Info:    Font shape `OT1/ptm/bx/n' in size <12> not available
(Font)              Font shape `OT1/ptm/b/n' tried instead on input line 1090.
LaTeX Font Info:    Font shape `OT1/ptm/bx/it' in size <12> not available
(Font)              Font shape `OT1/ptm/b/it' tried instead on input line 1090.

LaTeX Font Info:    Font shape `OT1/ptm/bx/n' in size <17> not available
(Font)              Font shape `OT1/ptm/b/n' tried instead on input line 1090.
LaTeX Font Info:    Font shape `OT1/ptm/bx/it' in size <17> not available
(Font)              Font shape `OT1/ptm/b/it' tried instead on input line 1090.

LaTeX Font Info:    Font shape `OT1/ptm/bx/n' in size <20> not available
(Font)              Font shape `OT1/ptm/b/n' tried instead on input line 1090.
LaTeX Font Info:    Font shape `OT1/ptm/bx/it' in size <20> not available
(Font)              Font shape `OT1/ptm/b/it' tried instead on input line 1090.

LaTeX Font Info:    Font shape `OT1/ptm/bx/n' in size <24> not available
(Font)              Font shape `OT1/ptm/b/n' tried instead on input line 1090.
LaTeX Font Info:    Font shape `OT1/ptm/bx/it' in size <24> not available
(Font)              Font shape `OT1/ptm/b/it' tried instead on input line 1090.

\IEEEquantizedlength=\dimen109
\IEEEquantizedlengthdiff=\dimen110
\IEEEquantizedtextheightdiff=\dimen111
\IEEEilabelindentA=\dimen112
\IEEEilabelindentB=\dimen113
\IEEEilabelindent=\dimen114
\IEEEelabelindent=\dimen115
\IEEEdlabelindent=\dimen116
\IEEElabelindent=\dimen117
\IEEEiednormlabelsep=\dimen118
\IEEEiedmathlabelsep=\dimen119
\IEEEiedtopsep=\skip41
\c@section=\count82
\c@subsection=\count83
\c@subsubsection=\count84
\c@paragraph=\count85
\c@IEEEsubequation=\count86
\abovecaptionskip=\skip42
\belowcaptionskip=\skip43
\c@figure=\count87
\c@table=\count88
\@IEEEeqnnumcols=\count89
\@IEEEeqncolcnt=\count90
\@IEEEsubeqnnumrollback=\count91
\@IEEEquantizeheightA=\dimen120
\@IEEEquantizeheightB=\dimen121
\@IEEEquantizeheightC=\dimen122
\@IEEEquantizeprevdepth=\dimen123
\@IEEEquantizemultiple=\count92
\@IEEEquantizeboxA=\box26
\@IEEEtmpitemindent=\dimen124
\IEEEPARstartletwidth=\dimen125
\c@IEEEbiography=\count93
\@IEEEtranrubishbin=\box27
) ("C:\Users\Suhas\Dropbox\Log Genealogy\Paper\setup.tex"
("C:\Program Files (x86)\Latex\tex\latex\multirow\multirow.sty"
\bigstrutjot=\dimen126
)
("C:\Program Files (x86)\Latex\tex\latex\tools\longtable.sty"
Package: longtable 2014/10/28 v4.11 Multi-page Table package (DPC)
\LTleft=\skip44
\LTright=\skip45
\LTpre=\skip46
\LTpost=\skip47
\LTchunksize=\count94
\LTcapwidth=\dimen127
\LT@head=\box28
\LT@firsthead=\box29
\LT@foot=\box30
\LT@lastfoot=\box31
\LT@cols=\count95
\LT@rows=\count96
\c@LT@tables=\count97
\c@LT@chunks=\count98
\LT@p@ftn=\toks15
)
("C:\Program Files (x86)\Latex\tex\latex\graphics\graphicx.sty"
Package: graphicx 2014/10/28 v1.0g Enhanced LaTeX Graphics (DPC,SPQR)

("C:\Program Files (x86)\Latex\tex\latex\graphics\keyval.sty"
Package: keyval 2014/10/28 v1.15 key=value parser (DPC)
\KV@toks@=\toks16
)
("C:\Program Files (x86)\Latex\tex\latex\graphics\graphics.sty"
Package: graphics 2014/10/28 v1.0p Standard LaTeX Graphics (DPC,SPQR)

("C:\Program Files (x86)\Latex\tex\latex\graphics\trig.sty"
Package: trig 1999/03/16 v1.09 sin cos tan (DPC)
)
("C:\Program Files (x86)\Latex\tex\latex\00miktex\graphics.cfg"
File: graphics.cfg 2007/01/18 v1.5 graphics configuration of teTeX/TeXLive
)
Package graphics Info: Driver file: pdftex.def on input line 91.

("C:\Program Files (x86)\Latex\tex\latex\pdftex-def\pdftex.def"
File: pdftex.def 2011/05/27 v0.06d Graphics/color for pdfTeX

("C:\Program Files (x86)\Latex\tex\generic\oberdiek\infwarerr.sty"
Package: infwarerr 2010/04/08 v1.3 Providing info/warning/error messages (HO)
)
("C:\Program Files (x86)\Latex\tex\generic\oberdiek\ltxcmds.sty"
Package: ltxcmds 2011/11/09 v1.22 LaTeX kernel commands for general use (HO)
)
\Gread@gobject=\count99
))
\Gin@req@height=\dimen128
\Gin@req@width=\dimen129
)
("C:\Program Files (x86)\Latex\tex\latex\base\alltt.sty"
Package: alltt 1997/06/16 v2.0g defines alltt environment
)
("C:\Program Files (x86)\Latex\tex\latex\ltxmisc\relsize.sty"
Package: relsize 2003/07/04 ver 3.1
)
("C:\Program Files (x86)\Latex\tex\latex\booktabs\booktabs.sty"
Package: booktabs 2005/04/14 v1.61803 publication quality tables
\heavyrulewidth=\dimen130
\lightrulewidth=\dimen131
\cmidrulewidth=\dimen132
\belowrulesep=\dimen133
\belowbottomsep=\dimen134
\aboverulesep=\dimen135
\abovetopsep=\dimen136
\cmidrulesep=\dimen137
\cmidrulekern=\dimen138
\defaultaddspace=\dimen139
\@cmidla=\count100
\@cmidlb=\count101
\@aboverulesep=\dimen140
\@belowrulesep=\dimen141
\@thisruleclass=\count102
\@lastruleclass=\count103
\@thisrulewidth=\dimen142
)
("C:\Program Files (x86)\Latex\tex\latex\amsmath\amsmath.sty"
Package: amsmath 2013/01/14 v2.14 AMS math features
\@mathmargin=\skip48

For additional information on amsmath, use the `?' option.
("C:\Program Files (x86)\Latex\tex\latex\amsmath\amstext.sty"
Package: amstext 2000/06/29 v2.01

("C:\Program Files (x86)\Latex\tex\latex\amsmath\amsgen.sty"
File: amsgen.sty 1999/11/30 v2.0
\@emptytoks=\toks17
\ex@=\dimen143
))
("C:\Program Files (x86)\Latex\tex\latex\amsmath\amsbsy.sty"
Package: amsbsy 1999/11/29 v1.2d
\pmbraise@=\dimen144
)
("C:\Program Files (x86)\Latex\tex\latex\amsmath\amsopn.sty"
Package: amsopn 1999/12/14 v2.01 operator names
)
\inf@bad=\count104
LaTeX Info: Redefining \frac on input line 210.
\uproot@=\count105
\leftroot@=\count106
LaTeX Info: Redefining \overline on input line 306.
\classnum@=\count107
\DOTSCASE@=\count108
LaTeX Info: Redefining \ldots on input line 378.
LaTeX Info: Redefining \dots on input line 381.
LaTeX Info: Redefining \cdots on input line 466.
\Mathstrutbox@=\box32
\strutbox@=\box33
\big@size=\dimen145
LaTeX Font Info:    Redeclaring font encoding OML on input line 566.
LaTeX Font Info:    Redeclaring font encoding OMS on input line 567.
\macc@depth=\count109
\c@MaxMatrixCols=\count110
\dotsspace@=\muskip10
\c@parentequation=\count111
\dspbrk@lvl=\count112
\tag@help=\toks18
\row@=\count113
\column@=\count114
\maxfields@=\count115
\andhelp@=\toks19
\eqnshift@=\dimen146
\alignsep@=\dimen147
\tagshift@=\dimen148
\tagwidth@=\dimen149
\totwidth@=\dimen150
\lineht@=\dimen151
\@envbody=\toks20
\multlinegap=\skip49
\multlinetaggap=\skip50
\mathdisplay@stack=\toks21
LaTeX Info: Redefining \[ on input line 2665.
LaTeX Info: Redefining \] on input line 2666.
)
("C:\Program Files (x86)\Latex\tex\latex\tools\verbatim.sty"
Package: verbatim 2014/10/28 v1.5q LaTeX2e package for verbatim enhancements
\every@verbatim=\toks22
\verbatim@line=\toks23
\verbatim@in@stream=\read1
)
("C:\Program Files (x86)\Latex\tex\latex\xcolor\xcolor.sty"
Package: xcolor 2007/01/21 v2.11 LaTeX color extensions (UK)

("C:\Program Files (x86)\Latex\tex\latex\00miktex\color.cfg"
File: color.cfg 2007/01/18 v1.5 color configuration of teTeX/TeXLive
)
Package xcolor Info: Driver file: pdftex.def on input line 225.

("C:\Program Files (x86)\Latex\tex\latex\colortbl\colortbl.sty"
Package: colortbl 2012/02/13 v1.0a Color table columns (DPC)

("C:\Program Files (x86)\Latex\tex\latex\tools\array.sty"
Package: array 2014/10/28 v2.4c Tabular extension package (FMi)
\col@sep=\dimen152
\extrarowheight=\dimen153
\NC@list=\toks24
\extratabsurround=\skip51
\backup@length=\skip52
)
\everycr=\toks25
\minrowclearance=\skip53
)
\rownum=\count116
Package xcolor Info: Model `cmy' substituted by `cmy0' on input line 1337.
Package xcolor Info: Model `hsb' substituted by `rgb' on input line 1341.
Package xcolor Info: Model `RGB' extended on input line 1353.
Package xcolor Info: Model `HTML' substituted by `rgb' on input line 1355.
Package xcolor Info: Model `Hsb' substituted by `hsb' on input line 1356.
Package xcolor Info: Model `tHsb' substituted by `hsb' on input line 1357.
Package xcolor Info: Model `HSB' substituted by `hsb' on input line 1358.
Package xcolor Info: Model `Gray' substituted by `gray' on input line 1359.
Package xcolor Info: Model `wave' substituted by `hsb' on input line 1360.
)
("C:\Program Files (x86)\Latex\tex\latex\subfig\subfig.sty"
Package: subfig 2005/06/28 ver: 1.3 subfig package

("C:\Program Files (x86)\Latex\tex\latex\caption\caption.sty"
Package: caption 2013/05/02 v3.3-89 Customizing captions (AR)

("C:\Program Files (x86)\Latex\tex\latex\caption\caption3.sty"
Package: caption3 2013/05/02 v1.6-88 caption3 kernel (AR)
Package caption3 Info: TeX engine: e-TeX on input line 57.
\captionmargin=\dimen154
\captionmargin@=\dimen155
\captionwidth=\dimen156
\caption@tempdima=\dimen157
\caption@indent=\dimen158
\caption@parindent=\dimen159
\caption@hangindent=\dimen160
Package caption Info: Unknown document class (or package),
(caption)             standard defaults will be used.
)

Package caption Warning: Unsupported document class (or package) detected,
(caption)                usage of the caption package is not recommended.
See the caption package documentation for explanation.

Package caption Info: \@makecaption = \long macro:#1#2->\ifx \@captype \@IEEEta
blestring \footnotesize \bgroup \par \centering \@IEEEtabletopskipstrut {\norma
lfont \footnotesize #1}\\{\normalfont \footnotesize \scshape #2}\par \addvspace
 {0.5\baselineskip }\egroup \@IEEEtablecaptionsepspace \else \@IEEEfigurecaptio
nsepspace \setbox \@tempboxa \hbox {\normalfont \footnotesize {#1.}\nobreakspac
e \nobreakspace #2}\ifdim \wd \@tempboxa >\hsize \setbox \@tempboxa \hbox {\nor
malfont \footnotesize {#1.}\nobreakspace \nobreakspace }\parbox [t]{\hsize }{\n
ormalfont \footnotesize \noindent \unhbox \@tempboxa #2}\else \ifCLASSOPTIONcon
ference \hbox to\hsize {\normalfont \footnotesize \hfil \box \@tempboxa \hfil }
\else \hbox to\hsize {\normalfont \footnotesize \box \@tempboxa \hfil }\fi \fi 
\fi .
\c@ContinuedFloat=\count117
Package caption Info: longtable package is loaded.
("C:\Program Files (x86)\Latex\tex\latex\caption\ltcaption.sty"
Package: ltcaption 2013/02/03 v1.3-62 longtable captions (AR)
))
\c@KVtest=\count118
\sf@farskip=\skip54
\sf@captopadj=\dimen161
\sf@capskip=\skip55
\sf@nearskip=\skip56
\c@subfigure=\count119
\c@subfigure@save=\count120
\c@lofdepth=\count121
\c@subtable=\count122
\c@subtable@save=\count123
\c@lotdepth=\count124
\sf@top=\skip57
\sf@bottom=\skip58
)
("C:\Program Files (x86)\Latex\tex\latex\amsfonts\amsfonts.sty"
Package: amsfonts 2013/01/14 v3.01 Basic AMSFonts support
\symAMSa=\mathgroup4
\symAMSb=\mathgroup5
LaTeX Font Info:    Overwriting math alphabet `\mathfrak' in version `bold'
(Font)                  U/euf/m/n --> U/euf/b/n on input line 106.
)
("C:\Program Files (x86)\Latex\tex\latex\amsfonts\amssymb.sty"
Package: amssymb 2013/01/14 v3.01 AMS font symbols
)
("C:\Program Files (x86)\Latex\tex\latex\float\float.sty"
Package: float 2001/11/08 v1.3d Float enhancements (AL)
\c@float@type=\count125
\float@exts=\toks26
\float@box=\box34
\@float@everytoks=\toks27
\@floatcapt=\box35
)
("C:\Program Files (x86)\Latex\tex\latex\url\url.sty"
\Urlmuskip=\muskip11
Package: url 2013/09/16  ver 3.4  Verb mode for urls, etc.
)
("C:\Program Files (x86)\Latex\tex\latex\fancybox\fancybox.sty"
Package: fancybox 2010/05/15 1.4

Style option: `fancybox' v1.4 <2010/05/15> (tvz)
\@fancybox=\box36
\shadowsize=\dimen162
\@Sbox=\box37
\do@VerbBox=\toks28
\the@fancyput=\toks29
\this@fancyput=\toks30
\EndVerbatimTokens=\toks31
\Verbatim@Outfile=\write3
\Verbatim@Infile=\read2
) ("C:\Program Files (x86)\Latex\tex\latex\listings\listings.sty"
\lst@mode=\count126
\lst@gtempboxa=\box38
\lst@token=\toks32
\lst@length=\count127
\lst@currlwidth=\dimen163
\lst@column=\count128
\lst@pos=\count129
\lst@lostspace=\dimen164
\lst@width=\dimen165
\lst@newlines=\count130
\lst@lineno=\count131
\lst@maxwidth=\dimen166

("C:\Program Files (x86)\Latex\tex\latex\listings\lstmisc.sty"
File: lstmisc.sty 2014/09/06 1.5e (Carsten Heinz)
\c@lstnumber=\count132
\lst@skipnumbers=\count133
\lst@framebox=\box39
)
("C:\Program Files (x86)\Latex\tex\latex\listings\listings.cfg"
File: listings.cfg 2014/09/06 1.5e listings configuration
))
Package: listings 2014/09/06 1.5e (Carsten Heinz)

("C:\Program Files (x86)\Latex\tex\latex\framed\framed.sty"
Package: framed 2011/10/22 v 0.96: framed or shaded text with page breaks
\OuterFrameSep=\skip59
\fb@frw=\dimen167
\fb@frh=\dimen168
\FrameRule=\dimen169
\FrameSep=\dimen170
)
("C:\Program Files (x86)\Latex\tex\latex\tools\hhline.sty"
Package: hhline 2014/10/28 v2.03 Table rule package (DPC)
)
("C:\Program Files (x86)\Latex\tex\latex\psnfss\pifont.sty"
Package: pifont 2005/04/12 PSNFSS-v9.2a Pi font support (SPQR) 
LaTeX Font Info:    Try loading font information for U+pzd on input line 63.

("C:\Program Files (x86)\Latex\tex\latex\psnfss\upzd.fd"
File: upzd.fd 2001/06/04 font definitions for U/pzd.
)
LaTeX Font Info:    Try loading font information for U+psy on input line 64.

("C:\Program Files (x86)\Latex\tex\latex\psnfss\upsy.fd"
File: upsy.fd 2001/06/04 font definitions for U/psy.
))
\qdx=\dimen171
\qda=\dimen172
\qdb=\dimen173
)
("C:\Users\Suhas\Dropbox\Log Genealogy\Paper\template.aux"

LaTeX Warning: Label `fig:f4' multiply defined.


LaTeX Warning: Label `sub@fig:f4' multiply defined.


LaTeX Warning: Label `fig:f4' multiply defined.


LaTeX Warning: Label `sub@fig:f4' multiply defined.

)
LaTeX Font Info:    Checking defaults for OML/cmm/m/it on input line 52.
LaTeX Font Info:    ... okay on input line 52.
LaTeX Font Info:    Checking defaults for T1/cmr/m/n on input line 52.
LaTeX Font Info:    ... okay on input line 52.
LaTeX Font Info:    Checking defaults for OT1/cmr/m/n on input line 52.
LaTeX Font Info:    ... okay on input line 52.
LaTeX Font Info:    Checking defaults for OMS/cmsy/m/n on input line 52.
LaTeX Font Info:    ... okay on input line 52.
LaTeX Font Info:    Checking defaults for OMX/cmex/m/n on input line 52.
LaTeX Font Info:    ... okay on input line 52.
LaTeX Font Info:    Checking defaults for U/cmr/m/n on input line 52.
LaTeX Font Info:    ... okay on input line 52.
LaTeX Font Info:    Checking defaults for TS1/cmr/m/n on input line 52.
LaTeX Font Info:    ... okay on input line 52.

-- Lines per column: 56 (exact).
("C:\Program Files (x86)\Latex\tex\context\base\supp-pdf.mkii"
[Loading MPS to PDF converter (version 2006.09.02).]
\scratchcounter=\count134
\scratchdimen=\dimen174
\scratchbox=\box40
\nofMPsegments=\count135
\nofMParguments=\count136
\everyMPshowfont=\toks33
\MPscratchCnt=\count137
\MPscratchDim=\dimen175
\MPnumerator=\count138
\makeMPintoPDFobject=\count139
\everyMPtoPDFconversion=\toks34
)
Package caption Info: Begin \AtBeginDocument code.
Package caption Info: subfig package v1.3 is loaded.
Package caption Info: float package is loaded.
Package caption Info: listings package is loaded.
Package caption Info: End \AtBeginDocument code.
\c@lstlisting=\count140
LaTeX Font Info:    Try loading font information for OMS+ptm on input line 100.

 ("C:\Program Files (x86)\Latex\tex\latex\psnfss\omsptm.fd"
File: omsptm.fd 
)
LaTeX Font Info:    Font shape `OMS/ptm/m/n' in size <10> not available
(Font)              Font shape `OMS/cmsy/m/n' tried instead on input line 100.

("C:\Users\Suhas\Dropbox\Log Genealogy\Paper\Abstract.tex")
("C:\Users\Suhas\Dropbox\Log Genealogy\Paper\Introduction.tex"
LaTeX Font Info:    Try loading font information for U+msa on input line 3.

("C:\Program Files (x86)\Latex\tex\latex\amsfonts\umsa.fd"
File: umsa.fd 2013/01/14 v3.01 AMS symbols A
)
LaTeX Font Info:    Try loading font information for U+msb on input line 3.

("C:\Program Files (x86)\Latex\tex\latex\amsfonts\umsb.fd"
File: umsb.fd 2013/01/14 v3.01 AMS symbols B
)

LaTeX Warning: \oval, \circle, or \line size unavailable on input line 3.

<ExampleOfLogChange_LPA.pdf, id=1, 495.8525pt x 181.67876pt>
File: ExampleOfLogChange_LPA.pdf Graphic file (type pdf)

<use ExampleOfLogChange_LPA.pdf>
Package pdftex.def Info: ExampleOfLogChange_LPA.pdf used on input line 12.
(pdftex.def)             Requested size: 252.0pt x 92.33336pt.

Underfull \hbox (badness 10000) in paragraph at lines 19--20

 []

[1{C:/Users/Suhas/AppData/Local/MiKTeX/2.9/pdftex/config/pdftex.map}


 <C:/Users/Suhas/Dropbox/Log Genealogy/Paper/ExampleOfLogChange_LPA.pdf>])
("C:\Users\Suhas\Dropbox\Log Genealogy\Paper\Methodology.tex"
<LogGenalogyMethdology.pdf, id=16, 1004.75375pt x 255.95625pt>
File: LogGenalogyMethdology.pdf Graphic file (type pdf)

<use LogGenalogyMethdology.pdf>
Package pdftex.def Info: LogGenalogyMethdology.pdf used on input line 37.
(pdftex.def)             Requested size: 428.38686pt x 125.99768pt.
 [2]

LaTeX Warning: \oval, \circle, or \line size unavailable on input line 63.


Underfull \hbox (badness 10000) in paragraph at lines 67--67
[][]\OT1/ptm/m/it/10 logger.warn(``Timed out: " + build-Com-man-d-
 []


LaTeX Warning: \oval, \circle, or \line size unavailable on input line 67.


Underfull \hbox (badness 10000) in paragraph at lines 69--70
[]\OT1/ptm/m/n/10 As projects can have mul-ti-ple log-ging li-braries
 []


Underfull \hbox (badness 7451) in paragraph at lines 69--70
\OT1/ptm/m/n/10 through-out its life-cycle, we use reg-u-lar ex-pres-sions
 []


Underfull \hbox (badness 1629) in paragraph at lines 69--70
\OT1/ptm/m/n/10 to match all the com-mon log in-vo-ca-tion pat-terns (i.e.,
 []


Underfull \hbox (badness 3492) in paragraph at lines 69--70
\OT1/ptm/m/n/10 `LOG',`log',`[]logger',`LOGGER',`Log'). We count ev-ery
 []


LaTeX Warning: \oval, \circle, or \line size unavailable on input line 84.

) ("C:\Users\Suhas\Dropbox\Log Genealogy\Paper\StudyResults.tex"
Underfull \hbox (badness 10000) in paragraph at lines 1--3

 []


Underfull \hbox (badness 10000) in paragraph at lines 4--6

 []


Underfull \hbox (badness 10000) in paragraph at lines 9--10

 []

[3 <C:/Users/Suhas/Dropbox/Log Genealogy/Paper/LogGenalogyMethdology.pdf>]
Underfull \hbox (badness 10000) in paragraph at lines 13--14

 []


LaTeX Warning: \oval, \circle, or \line size unavailable on input line 37.


Underfull \hbox (badness 10000) in paragraph at lines 39--39
[]\OT1/ptm/m/it/10 - LOG.info(``starting HBase " + im-
 []


Underfull \hbox (badness 10000) in paragraph at lines 39--39
\OT1/ptm/m/it/10 plType.simpleClassName() +`` server on " +
 []


LaTeX Warning: \oval, \circle, or \line size unavailable on input line 39.

<RQ1_Liferay_Camel_Logchangefreq.pdf, id=26, 614.295pt x 794.97pt>
File: RQ1_Liferay_Camel_Logchangefreq.pdf Graphic file (type pdf)

<use RQ1_Liferay_Camel_Logchangefreq.pdf>
Package pdftex.def Info: RQ1_Liferay_Camel_Logchangefreq.pdf used on input line
 60.
(pdftex.def)             Requested size: 176.39923pt x 228.27916pt.

<RQ1_Cloud_Active_Logchangefreq.pdf, id=27, 614.295pt x 794.97pt>
File: RQ1_Cloud_Active_Logchangefreq.pdf Graphic file (type pdf)

<use RQ1_Cloud_Active_Logchangefreq.pdf>
Package pdftex.def Info: RQ1_Cloud_Active_Logchangefreq.pdf used on input line 
61.
(pdftex.def)             Requested size: 176.39923pt x 228.27916pt.

<Flowchart2.png, id=28, 665.48625pt x 551.05875pt>
File: Flowchart2.png Graphic file (type png)
 <use Flowchart2.png>
Package pdftex.def Info: Flowchart2.png used on input line 67.
(pdftex.def)             Requested size: 189.0pt x 156.49841pt.

Overfull \hbox (15.48138pt too wide) in paragraph at lines 90--90
 []|\OT1/ptm/m/n/8 19.66| 
 []


Overfull \hbox (11.48138pt too wide) in paragraph at lines 90--91
[]|\OT1/ptm/m/n/8 1.66| 
 []


Overfull \hbox (15.48138pt too wide) in paragraph at lines 92--92
 []|\OT1/ptm/m/n/8 37.32| 
 []


Overfull \hbox (11.48138pt too wide) in paragraph at lines 92--93
[]|\OT1/ptm/m/n/8 7.25| 
 []


Overfull \hbox (15.48138pt too wide) in paragraph at lines 93--93
 []|\OT1/ptm/m/n/8 62.02| 
 []


Overfull \hbox (11.48138pt too wide) in paragraph at lines 93--94
[]|\OT1/ptm/m/n/8 3.20| 
 []


Overfull \hbox (15.48138pt too wide) in paragraph at lines 94--94
 []|\OT1/ptm/m/n/8 68.61| 
 []


Overfull \hbox (15.48138pt too wide) in paragraph at lines 94--94
[]|\OT1/ptm/m/n/8 11.71| 
 []


Underfull \vbox (badness 1052) has occurred while \output is active []

 [4 <C:/Users/Suhas/Dropbox/Log Genealogy/Paper/RQ1_Liferay_Camel_Logchangefreq
.pdf> <C:/Users/Suhas/Dropbox/Log Genealogy/Paper/RQ1_Cloud_Active_Logchangefre
q.pdf>]
<ChangedvsUnchangedlogs.pdf, id=45, 505.89pt x 383.4325pt>
File: ChangedvsUnchangedlogs.pdf Graphic file (type pdf)

<use ChangedvsUnchangedlogs.pdf>
Package pdftex.def Info: ChangedvsUnchangedlogs.pdf used on input line 105.
(pdftex.def)             Requested size: 252.0pt x 191.00198pt.

<CA_numberofDevelopers.pdf, id=46, 341.275pt x 578.16pt>
File: CA_numberofDevelopers.pdf Graphic file (type pdf)

<use CA_numberofDevelopers.pdf>
Package pdftex.def Info: CA_numberofDevelopers.pdf used on input line 112.
(pdftex.def)             Requested size: 126.0pt x 213.4571pt.

<CL_numberofDevelopers.pdf, id=47, 341.275pt x 578.16pt>
File: CL_numberofDevelopers.pdf Graphic file (type pdf)

<use CL_numberofDevelopers.pdf>
Package pdftex.def Info: CL_numberofDevelopers.pdf used on input line 114.
(pdftex.def)             Requested size: 126.0pt x 213.4571pt.


LaTeX Warning: \oval, \circle, or \line size unavailable on input line 143.

) ("C:\Users\Suhas\Dropbox\Log Genealogy\Paper\PredictionLogs.tex"
Underfull \hbox (badness 10000) in paragraph at lines 1--4

 []


Underfull \hbox (badness 10000) in paragraph at lines 14--134

 []

[5 <C:/Users/Suhas/Dropbox/Log Genealogy/Paper/Flowchart2.png> <C:/Users/Suhas/
Dropbox/Log Genealogy/Paper/ChangedvsUnchangedlogs.pdf> <C:/Users/Suhas/Dropbox
/Log Genealogy/Paper/CA_numberofDevelopers.pdf> <C:/Users/Suhas/Dropbox/Log Gen
ealogy/Paper/CL_numberofDevelopers.pdf>]
Underfull \hbox (badness 10000) in paragraph at lines 151--152

 []

LaTeX Font Info:    Font shape `OT1/ptm/bx/sl' in size <10> not available
(Font)              Font shape `OT1/ptm/b/sl' tried instead on input line 153.

Underfull \hbox (badness 1430) in paragraph at lines 159--160
[]\OT1/ptm/m/n/10 Figure 8[] shows the hi-er-ar-chi-cally clus-tered Spear-man
 []


Underfull \hbox (badness 10000) in paragraph at lines 159--160

 []

<ModelCreationLogGeanology.pdf, id=69, 830.10126pt x 215.80624pt>
File: ModelCreationLogGeanology.pdf Graphic file (type pdf)

<use ModelCreationLogGeanology.pdf>
Package pdftex.def Info: ModelCreationLogGeanology.pdf used on input line 163.
(pdftex.def)             Requested size: 252.0pt x 65.51291pt.

<SpearmanActiveMQ.pdf, id=70, 451.6875pt x 424.58624pt>
File: SpearmanActiveMQ.pdf Graphic file (type pdf)

<use SpearmanActiveMQ.pdf>
Package pdftex.def Info: SpearmanActiveMQ.pdf used on input line 173.
(pdftex.def)             Requested size: 226.8012pt x 252.00027pt.
Missing character: There is no â in font ptmr7t!
Missing character: There is no € in font ptmr7t!
Missing character: There is no ™ in font ptmr7t!
Missing character: There is no â in font ptmr7t!
Missing character: There is no € in font ptmr7t!
Missing character: There is no ™ in font ptmr7t!

<BootRandomForest.pdf, id=71, 603.25375pt x 306.14375pt>
File: BootRandomForest.pdf Graphic file (type pdf)

<use BootRandomForest.pdf>
Package pdftex.def Info: BootRandomForest.pdf used on input line 184.
(pdftex.def)             Requested size: 251.99332pt x 176.40031pt.

Underfull \hbox (badness 7595) in paragraph at lines 190--192
[]\OT1/ptm/m/n/10 Given a dataset of \OT1/ptm/m/sl/10 n \OT1/ptm/m/n/10 logs fo
r train-ing, $\OML/cmm/m/it/10 D \OT1/cmr/m/n/10 =$
 []

[6 <C:/Users/Suhas/Dropbox/Log Genealogy/Paper/ModelCreationLogGeanology.pdf> <
C:/Users/Suhas/Dropbox/Log Genealogy/Paper/SpearmanActiveMQ.pdf>] [7]
Overfull \hbox (13.76804pt too wide) in paragraph at lines 212--212
[]|\OT1/ptm/m/n/8 Actual|  
 []


Underfull \hbox (badness 10000) in paragraph at lines 226--227

 []


Underfull \hbox (badness 2173) in paragraph at lines 261--263
[]\OT1/ptm/m/n/10 The above pro-cess is re-peated 1,000 times and the
 []


Underfull \hbox (badness 1661) in paragraph at lines 261--263
\OT1/ptm/m/n/10 F-measure and Brier score by sub-tract-ing the av-er-aged
 []


Underfull \hbox (badness 10000) in paragraph at lines 261--263

 []

[8 <C:/Users/Suhas/Dropbox/Log Genealogy/Paper/BootRandomForest.pdf>]
<ActiveMQResults.pdf, id=99, 411.5375pt x 383.4325pt>
File: ActiveMQResults.pdf Graphic file (type pdf)

<use ActiveMQResults.pdf>
Package pdftex.def Info: ActiveMQResults.pdf used on input line 279.
(pdftex.def)             Requested size: 123.48138pt x 115.04819pt.

<CamelResults.pdf, id=100, 450.68375pt x 424.58624pt>
File: CamelResults.pdf Graphic file (type pdf)
 <use CamelResults.pdf>
Package pdftex.def Info: CamelResults.pdf used on input line 282.
(pdftex.def)             Requested size: 123.48138pt x 116.33073pt.

<CloudStackResults.pdf, id=101, 411.5375pt x 383.4325pt>
File: CloudStackResults.pdf Graphic file (type pdf)

<use CloudStackResults.pdf>
Package pdftex.def Info: CloudStackResults.pdf used on input line 286.
(pdftex.def)             Requested size: 123.48138pt x 115.04819pt.

<LiferayResults.pdf, id=102, 411.5375pt x 383.4325pt>
File: LiferayResults.pdf Graphic file (type pdf)
 <use LiferayResults.pdf>
Package pdftex.def Info: LiferayResults.pdf used on input line 289.
(pdftex.def)             Requested size: 123.48138pt x 115.04819pt.


LaTeX Warning: \oval, \circle, or \line size unavailable on input line 391.

) ("C:\Users\Suhas\Dropbox\Log Genealogy\Paper\Relatedwork.tex" [9 <C:/Users/Su
has/Dropbox/Log Genealogy/Paper/ActiveMQResults.pdf> <C:/Users/Suhas/Dropbox/Lo
g Genealogy/Paper/CamelResults.pdf> <C:/Users/Suhas/Dropbox/Log Genealogy/Paper
/CloudStackResults.pdf> <C:/Users/Suhas/Dropbox/Log Genealogy/Paper/LiferayResu
lts.pdf>] [10])
("C:\Users\Suhas\Dropbox\Log Genealogy\Paper\ThreatsToValidity.tex"
Underfull \hbox (badness 10000) in paragraph at lines 1--2

 []


Underfull \hbox (badness 10000) in paragraph at lines 20--23

 []


Underfull \hbox (badness 10000) in paragraph at lines 20--23

 []

) ("C:\Users\Suhas\Dropbox\Log Genealogy\Paper\Conclusion.tex" [11])
("C:\Users\Suhas\Dropbox\Log Genealogy\Paper\template.bbl"
** WARNING: IEEEtran.bst: No hyphenation pattern has been
** loaded for the language `English'. Using the pattern for
** the default language instead.
** WARNING: IEEEtran.bst: No hyphenation pattern has been
** loaded for the language `English'. Using the pattern for
** the default language instead.
LaTeX Font Info:    Font shape `OMS/ptm/m/n' in size <8> not available
(Font)              Font shape `OMS/cmsy/m/n' tried instead on input line 155.

Underfull \vbox (badness 10000) has occurred while \output is active []

 [12])

** Conference Paper **
Before submitting the final camera ready copy, remember to:

 1. Manually equalize the lengths of two columns on the last page
 of your paper;

 2. Ensure that any PostScript and/or PDF output post-processing
 uses only Type 1 fonts and that every step in the generation
 process uses the appropriate paper size.

[13

] ("C:\Users\Suhas\Dropbox\Log Genealogy\Paper\template.aux")

LaTeX Warning: There were multiply-defined labels.

 ) 
Here is how much of TeX's memory you used:
 7098 strings out of 493921
 109577 string characters out of 3146880
 193094 words of memory out of 3000000
 10238 multiletter control sequences out of 15000+200000
 48932 words of font info for 95 fonts, out of 3000000 for 9000
 841 hyphenation exceptions out of 8191
 46i,13n,42p,1847b,321s stack positions out of 5000i,500n,10000p,200000b,50000s
{C:/Program Files (x86)/Latex/fonts/enc/dvips/fontname/8r.enc}<C:/Program Fil
es (x86)/Latex/fonts/type1/public/amsfonts/cm/cmmi10.pfb><C:/Program Files (x86
)/Latex/fonts/type1/public/amsfonts/cm/cmmi7.pfb><C:/Program Files (x86)/Latex/
fonts/type1/public/amsfonts/cm/cmr10.pfb><C:/Program Files (x86)/Latex/fonts/ty
pe1/public/amsfonts/cm/cmr7.pfb><C:/Program Files (x86)/Latex/fonts/type1/publi
c/amsfonts/cm/cmsy10.pfb><C:/Program Files (x86)/Latex/fonts/type1/public/amsfo
nts/cm/cmsy7.pfb><C:/Program Files (x86)/Latex/fonts/type1/public/amsfonts/cm/c
msy8.pfb><C:/Program Files (x86)/Latex/fonts/type1/public/amsfonts/latxfont/lci
rclew.pfb><C:/Program Files (x86)/Latex/fonts/type1/urw/times/utmb8a.pfb><C:/Pr
ogram Files (x86)/Latex/fonts/type1/urw/times/utmb8a.pfb><C:/Program Files (x86
)/Latex/fonts/type1/urw/times/utmbi8a.pfb><C:/Program Files (x86)/Latex/fonts/t
ype1/urw/times/utmr8a.pfb><C:/Program Files (x86)/Latex/fonts/type1/urw/times/u
tmr8a.pfb><C:/Program Files (x86)/Latex/fonts/type1/urw/times/utmri8a.pfb>
Output written on template.pdf (13 pages, 620307 bytes).
PDF statistics:
 190 PDF objects out of 1000 (max. 8388607)
 0 named destinations out of 1000 (max. 500000)
 76 words of extra memory for PDF output out of 10000 (max. 10000000)

